<?xml version="1.0" encoding="UTF-8"?>
<testsuite xmlns:xsi="http://www.w3.org/2001/XMLSchema-instance" xsi:noNamespaceSchemaLocation="https://maven.apache.org/surefire/maven-surefire-plugin/xsd/surefire-test-report.xsd" name="LoginCourierTest" time="1.335" tests="3" errors="0" skipped="0" failures="0">
  <properties>
[...]
</properties>
  <testcase name="courierCanBeLoginTest" classname="LoginCourierTest" time="0.428"/>
  <testcase name="courierCanNotBeLoginWithoutPassword" classname="LoginCourierTest" time="0.45"/>
  <testcase name="courierCanNotBeLoginWithWrongPasswordTest" classname="LoginCourierTest" time="0.446"/>
</testsuite>